CRITICAL - 2025-01-12 13:53:56 --> Creation of dynamic property App\Controllers\Blog::$session is deprecated
in APPPATH\Controllers\Blog.php on line 15.
 1 APPPATH\Controllers\Blog.php(15): CodeIgniter\Debug\Exceptions->errorHandler(8192, 'Creation of dynamic property App\\Controllers\\Blog::$session is deprecated', 'APPPATH\\Controllers\\Blog.php', 15)
 2 SYSTEMPATH\CodeIgniter.php(858): App\Controllers\Blog->__construct()
 3 SYSTEMPATH\CodeIgniter.php(457): CodeIgniter\CodeIgniter->createController()
 4 SYSTEMPATH\CodeIgniter.php(349): CodeIgniter\CodeIgniter->handleRequest(null, Object(Config\Cache), false)
 5 FCPATH\index.php(55): CodeIgniter\CodeIgniter->run()
CRITICAL - 2025-01-12 14:07:18 --> Creation of dynamic property App\Controllers\Blog::$session is deprecated
in APPPATH\Controllers\Blog.php on line 15.
 1 APPPATH\Controllers\Blog.php(15): CodeIgniter\Debug\Exceptions->errorHandler(8192, 'Creation of dynamic property App\\Controllers\\Blog::$session is deprecated', 'APPPATH\\Controllers\\Blog.php', 15)
 2 SYSTEMPATH\CodeIgniter.php(858): App\Controllers\Blog->__construct()
 3 SYSTEMPATH\CodeIgniter.php(457): CodeIgniter\CodeIgniter->createController()
 4 SYSTEMPATH\CodeIgniter.php(349): CodeIgniter\CodeIgniter->handleRequest(null, Object(Config\Cache), false)
 5 FCPATH\index.php(55): CodeIgniter\CodeIgniter->run()
CRITICAL - 2025-01-12 14:07:19 --> Creation of dynamic property App\Controllers\Blog::$session is deprecated
in APPPATH\Controllers\Blog.php on line 15.
 1 APPPATH\Controllers\Blog.php(15): CodeIgniter\Debug\Exceptions->errorHandler(8192, 'Creation of dynamic property App\\Controllers\\Blog::$session is deprecated', 'APPPATH\\Controllers\\Blog.php', 15)
 2 SYSTEMPATH\CodeIgniter.php(858): App\Controllers\Blog->__construct()
 3 SYSTEMPATH\CodeIgniter.php(457): CodeIgniter\CodeIgniter->createController()
 4 SYSTEMPATH\CodeIgniter.php(349): CodeIgniter\CodeIgniter->handleRequest(null, Object(Config\Cache), false)
 5 FCPATH\index.php(55): CodeIgniter\CodeIgniter->run()
CRITICAL - 2025-01-12 14:07:24 --> Creation of dynamic property App\Controllers\Blog::$session is deprecated
in APPPATH\Controllers\Blog.php on line 15.
 1 APPPATH\Controllers\Blog.php(15): CodeIgniter\Debug\Exceptions->errorHandler(8192, 'Creation of dynamic property App\\Controllers\\Blog::$session is deprecated', 'APPPATH\\Controllers\\Blog.php', 15)
 2 SYSTEMPATH\CodeIgniter.php(858): App\Controllers\Blog->__construct()
 3 SYSTEMPATH\CodeIgniter.php(457): CodeIgniter\CodeIgniter->createController()
 4 SYSTEMPATH\CodeIgniter.php(349): CodeIgniter\CodeIgniter->handleRequest(null, Object(Config\Cache), false)
 5 FCPATH\index.php(55): CodeIgniter\CodeIgniter->run()
CRITICAL - 2025-01-12 14:07:26 --> Creation of dynamic property App\Controllers\Blog::$session is deprecated
in APPPATH\Controllers\Blog.php on line 15.
 1 APPPATH\Controllers\Blog.php(15): CodeIgniter\Debug\Exceptions->errorHandler(8192, 'Creation of dynamic property App\\Controllers\\Blog::$session is deprecated', 'APPPATH\\Controllers\\Blog.php', 15)
 2 SYSTEMPATH\CodeIgniter.php(858): App\Controllers\Blog->__construct()
 3 SYSTEMPATH\CodeIgniter.php(457): CodeIgniter\CodeIgniter->createController()
 4 SYSTEMPATH\CodeIgniter.php(349): CodeIgniter\CodeIgniter->handleRequest(null, Object(Config\Cache), false)
 5 FCPATH\index.php(55): CodeIgniter\CodeIgniter->run()
CRITICAL - 2025-01-12 14:07:29 --> Creation of dynamic property App\Controllers\Blog::$session is deprecated
in APPPATH\Controllers\Blog.php on line 15.
 1 APPPATH\Controllers\Blog.php(15): CodeIgniter\Debug\Exceptions->errorHandler(8192, 'Creation of dynamic property App\\Controllers\\Blog::$session is deprecated', 'APPPATH\\Controllers\\Blog.php', 15)
 2 SYSTEMPATH\CodeIgniter.php(858): App\Controllers\Blog->__construct()
 3 SYSTEMPATH\CodeIgniter.php(457): CodeIgniter\CodeIgniter->createController()
 4 SYSTEMPATH\CodeIgniter.php(349): CodeIgniter\CodeIgniter->handleRequest(null, Object(Config\Cache), false)
 5 FCPATH\index.php(55): CodeIgniter\CodeIgniter->run()
CRITICAL - 2025-01-12 14:07:35 --> Creation of dynamic property App\Controllers\Blog::$session is deprecated
in APPPATH\Controllers\Blog.php on line 15.
 1 APPPATH\Controllers\Blog.php(15): CodeIgniter\Debug\Exceptions->errorHandler(8192, 'Creation of dynamic property App\\Controllers\\Blog::$session is deprecated', 'APPPATH\\Controllers\\Blog.php', 15)
 2 SYSTEMPATH\CodeIgniter.php(858): App\Controllers\Blog->__construct()
 3 SYSTEMPATH\CodeIgniter.php(457): CodeIgniter\CodeIgniter->createController()
 4 SYSTEMPATH\CodeIgniter.php(349): CodeIgniter\CodeIgniter->handleRequest(null, Object(Config\Cache), false)
 5 FCPATH\index.php(55): CodeIgniter\CodeIgniter->run()
CRITICAL - 2025-01-12 14:07:38 --> Creation of dynamic property App\Controllers\Blog::$session is deprecated
in APPPATH\Controllers\Blog.php on line 15.
 1 APPPATH\Controllers\Blog.php(15): CodeIgniter\Debug\Exceptions->errorHandler(8192, 'Creation of dynamic property App\\Controllers\\Blog::$session is deprecated', 'APPPATH\\Controllers\\Blog.php', 15)
 2 SYSTEMPATH\CodeIgniter.php(858): App\Controllers\Blog->__construct()
 3 SYSTEMPATH\CodeIgniter.php(457): CodeIgniter\CodeIgniter->createController()
 4 SYSTEMPATH\CodeIgniter.php(349): CodeIgniter\CodeIgniter->handleRequest(null, Object(Config\Cache), false)
 5 FCPATH\index.php(55): CodeIgniter\CodeIgniter->run()
CRITICAL - 2025-01-12 14:08:24 --> Creation of dynamic property App\Controllers\Blog::$session is deprecated
in APPPATH\Controllers\Blog.php on line 15.
 1 APPPATH\Controllers\Blog.php(15): CodeIgniter\Debug\Exceptions->errorHandler(8192, 'Creation of dynamic property App\\Controllers\\Blog::$session is deprecated', 'APPPATH\\Controllers\\Blog.php', 15)
 2 SYSTEMPATH\CodeIgniter.php(858): App\Controllers\Blog->__construct()
 3 SYSTEMPATH\CodeIgniter.php(457): CodeIgniter\CodeIgniter->createController()
 4 SYSTEMPATH\CodeIgniter.php(349): CodeIgniter\CodeIgniter->handleRequest(null, Object(Config\Cache), false)
 5 FCPATH\index.php(55): CodeIgniter\CodeIgniter->run()
CRITICAL - 2025-01-12 14:09:27 --> Creation of dynamic property App\Controllers\Blog::$session is deprecated
in APPPATH\Controllers\Blog.php on line 15.
 1 APPPATH\Controllers\Blog.php(15): CodeIgniter\Debug\Exceptions->errorHandler(8192, 'Creation of dynamic property App\\Controllers\\Blog::$session is deprecated', 'APPPATH\\Controllers\\Blog.php', 15)
 2 SYSTEMPATH\CodeIgniter.php(858): App\Controllers\Blog->__construct()
 3 SYSTEMPATH\CodeIgniter.php(457): CodeIgniter\CodeIgniter->createController()
 4 SYSTEMPATH\CodeIgniter.php(349): CodeIgniter\CodeIgniter->handleRequest(null, Object(Config\Cache), false)
 5 FCPATH\index.php(55): CodeIgniter\CodeIgniter->run()
CRITICAL - 2025-01-12 14:09:28 --> Creation of dynamic property App\Controllers\Blog::$session is deprecated
in APPPATH\Controllers\Blog.php on line 15.
 1 APPPATH\Controllers\Blog.php(15): CodeIgniter\Debug\Exceptions->errorHandler(8192, 'Creation of dynamic property App\\Controllers\\Blog::$session is deprecated', 'APPPATH\\Controllers\\Blog.php', 15)
 2 SYSTEMPATH\CodeIgniter.php(858): App\Controllers\Blog->__construct()
 3 SYSTEMPATH\CodeIgniter.php(457): CodeIgniter\CodeIgniter->createController()
 4 SYSTEMPATH\CodeIgniter.php(349): CodeIgniter\CodeIgniter->handleRequest(null, Object(Config\Cache), false)
 5 FCPATH\index.php(55): CodeIgniter\CodeIgniter->run()
CRITICAL - 2025-01-12 14:14:28 --> Creation of dynamic property App\Controllers\Main::$session is deprecated
in APPPATH\Controllers\Main.php on line 14.
 1 APPPATH\Controllers\Main.php(14): CodeIgniter\Debug\Exceptions->errorHandler(8192, 'Creation of dynamic property App\\Controllers\\Main::$session is deprecated', 'APPPATH\\Controllers\\Main.php', 14)
 2 SYSTEMPATH\CodeIgniter.php(858): App\Controllers\Main->__construct()
 3 SYSTEMPATH\CodeIgniter.php(457): CodeIgniter\CodeIgniter->createController()
 4 SYSTEMPATH\CodeIgniter.php(349): CodeIgniter\CodeIgniter->handleRequest(null, Object(Config\Cache), false)
 5 FCPATH\index.php(55): CodeIgniter\CodeIgniter->run()
CRITICAL - 2025-01-12 14:16:52 --> Creation of dynamic property App\Controllers\Main::$db is deprecated
in APPPATH\Controllers\Main.php on line 16.
 1 APPPATH\Controllers\Main.php(16): CodeIgniter\Debug\Exceptions->errorHandler(8192, 'Creation of dynamic property App\\Controllers\\Main::$db is deprecated', 'APPPATH\\Controllers\\Main.php', 16)
 2 SYSTEMPATH\CodeIgniter.php(858): App\Controllers\Main->__construct()
 3 SYSTEMPATH\CodeIgniter.php(457): CodeIgniter\CodeIgniter->createController()
 4 SYSTEMPATH\CodeIgniter.php(349): CodeIgniter\CodeIgniter->handleRequest(null, Object(Config\Cache), false)
 5 FCPATH\index.php(55): CodeIgniter\CodeIgniter->run()
CRITICAL - 2025-01-12 14:16:54 --> Creation of dynamic property App\Controllers\Main::$db is deprecated
in APPPATH\Controllers\Main.php on line 16.
 1 APPPATH\Controllers\Main.php(16): CodeIgniter\Debug\Exceptions->errorHandler(8192, 'Creation of dynamic property App\\Controllers\\Main::$db is deprecated', 'APPPATH\\Controllers\\Main.php', 16)
 2 SYSTEMPATH\CodeIgniter.php(858): App\Controllers\Main->__construct()
 3 SYSTEMPATH\CodeIgniter.php(457): CodeIgniter\CodeIgniter->createController()
 4 SYSTEMPATH\CodeIgniter.php(349): CodeIgniter\CodeIgniter->handleRequest(null, Object(Config\Cache), false)
 5 FCPATH\index.php(55): CodeIgniter\CodeIgniter->run()
CRITICAL - 2025-01-12 14:17:39 --> Creation of dynamic property App\Controllers\Auth::$data is deprecated
in APPPATH\Controllers\Auth.php on line 110.
 1 APPPATH\Controllers\Auth.php(110): CodeIgniter\Debug\Exceptions->errorHandler(8192, 'Creation of dynamic property App\\Controllers\\Auth::$data is deprecated', 'APPPATH\\Controllers\\Auth.php', 110)
 2 SYSTEMPATH\CodeIgniter.php(896): App\Controllers\Auth->update_user()
 3 SYSTEMPATH\CodeIgniter.php(466): CodeIgniter\CodeIgniter->runController(Object(App\Controllers\Auth))
 4 SYSTEMPATH\CodeIgniter.php(349): CodeIgniter\CodeIgniter->handleRequest(null, Object(Config\Cache), false)
 5 FCPATH\index.php(55): CodeIgniter\CodeIgniter->run()
ERROR - 2025-01-12 14:22:12 --> Cannot delete or update a parent row: a foreign key constraint fails (`blog_db`.`posts`, CONSTRAINT `posts_category_id_foreign` FOREIGN KEY (`category_id`) REFERENCES `categories` (`id`) ON UPDATE CASCADE)
CRITICAL - 2025-01-12 14:22:12 --> Cannot delete or update a parent row: a foreign key constraint fails (`blog_db`.`posts`, CONSTRAINT `posts_category_id_foreign` FOREIGN KEY (`category_id`) REFERENCES `categories` (`id`) ON UPDATE CASCADE)
in SYSTEMPATH\Database\MySQLi\Connection.php on line 292.
 1 SYSTEMPATH\Database\MySQLi\Connection.php(292): mysqli->query('DELETE FROM `categories`
WHERE `id` = \'1\'', 0)
 2 SYSTEMPATH\Database\BaseConnection.php(695): CodeIgniter\Database\MySQLi\Connection->execute('DELETE FROM `categories`
WHERE `id` = \'1\'')
 3 SYSTEMPATH\Database\BaseConnection.php(609): CodeIgniter\Database\BaseConnection->simpleQuery('DELETE FROM `categories`
WHERE `id` = \'1\'')
 4 SYSTEMPATH\Database\BaseBuilder.php(2358): CodeIgniter\Database\BaseConnection->query('DELETE FROM `categories`
WHERE `id` = :id:', [...], false)
 5 SYSTEMPATH\Model.php(400): CodeIgniter\Database\BaseBuilder->delete()
 6 SYSTEMPATH\BaseModel.php(963): CodeIgniter\Model->doDelete(null, false)
 7 APPPATH\Controllers\Main.php(195): CodeIgniter\BaseModel->delete()
 8 SYSTEMPATH\CodeIgniter.php(896): App\Controllers\Main->category_delete('1')
 9 SYSTEMPATH\CodeIgniter.php(466): CodeIgniter\CodeIgniter->runController(Object(App\Controllers\Main))
10 SYSTEMPATH\CodeIgniter.php(349): CodeIgniter\CodeIgniter->handleRequest(null, Object(Config\Cache), false)
11 FCPATH\index.php(55): CodeIgniter\CodeIgniter->run()
ERROR - 2025-01-12 23:13:45 --> Cannot delete or update a parent row: a foreign key constraint fails (`blog_db`.`posts`, CONSTRAINT `posts_category_id_foreign` FOREIGN KEY (`category_id`) REFERENCES `categories` (`id`) ON UPDATE CASCADE)
CRITICAL - 2025-01-12 23:13:45 --> Cannot delete or update a parent row: a foreign key constraint fails (`blog_db`.`posts`, CONSTRAINT `posts_category_id_foreign` FOREIGN KEY (`category_id`) REFERENCES `categories` (`id`) ON UPDATE CASCADE)
in SYSTEMPATH\Database\MySQLi\Connection.php on line 292.
 1 SYSTEMPATH\Database\MySQLi\Connection.php(292): mysqli->query('DELETE FROM `categories`
WHERE `id` = \'2\'', 0)
 2 SYSTEMPATH\Database\BaseConnection.php(695): CodeIgniter\Database\MySQLi\Connection->execute('DELETE FROM `categories`
WHERE `id` = \'2\'')
 3 SYSTEMPATH\Database\BaseConnection.php(609): CodeIgniter\Database\BaseConnection->simpleQuery('DELETE FROM `categories`
WHERE `id` = \'2\'')
 4 SYSTEMPATH\Database\BaseBuilder.php(2358): CodeIgniter\Database\BaseConnection->query('DELETE FROM `categories`
WHERE `id` = :id:', [...], false)
 5 SYSTEMPATH\Model.php(400): CodeIgniter\Database\BaseBuilder->delete()
 6 SYSTEMPATH\BaseModel.php(963): CodeIgniter\Model->doDelete(null, false)
 7 APPPATH\Controllers\Main.php(195): CodeIgniter\BaseModel->delete()
 8 SYSTEMPATH\CodeIgniter.php(896): App\Controllers\Main->category_delete('2')
 9 SYSTEMPATH\CodeIgniter.php(466): CodeIgniter\CodeIgniter->runController(Object(App\Controllers\Main))
10 SYSTEMPATH\CodeIgniter.php(349): CodeIgniter\CodeIgniter->handleRequest(null, Object(Config\Cache), false)
11 FCPATH\index.php(55): CodeIgniter\CodeIgniter->run()
